<?xml version="1.0" encoding="UTF-8"?>
<!-- Generated by org.testng.reporters.JUnitXMLReporter -->
<testsuite ignored="0" hostname="Trantor319" failures="0" tests="2" name="Free CRM App Test Cases" time="44.814" errors="0" timestamp="12 Feb 2019 07:18:20 GMT">
  <testcase classname="com.crm.qa.testcases.HomePageTest" name="verifyHomePageLogoTest" time="0.11"/>
  <testcase classname="com.crm.qa.testcases.HomePageTest" name="verifyHomePageHelpLinkExistTest" time="0.1"/>
</testsuite> <!-- Free CRM App Test Cases -->
