<?xml version="1.0" encoding="UTF-8"?>
<!-- Generated by org.testng.reporters.JUnitXMLReporter -->
<testsuite ignored="0" hostname="Trantor319" failures="0" tests="2" name="Default test" time="48.407" errors="0" timestamp="11 Feb 2019 11:51:27 GMT">
  <testcase classname="com.crm.qa.testcases.HomePageTest" name="verifyHomePageLogoTest" time="0.159"/>
  <testcase classname="com.crm.qa.testcases.HomePageTest" name="verifyHomePageHelpLinkExistTest" time="0.106"/>
</testsuite> <!-- Default test -->
